# Logfile created on Tue Nov 17 15:41:25 +0700 2009

Processing PagesController#show (for 127.0.0.1 at 2009-11-17 18:43:44) [GET]
  Parameters: {"permalink"=>"home"}

ActiveRecord::StatementInvalid (Could not find table 'pages'):
  /Library/Ruby/Gems/1.8/gems/mislav-will_paginate-2.3.11/lib/will_paginate/finder.rb:170:in `method_missing'
  app/controllers/pages_controller.rb:19:in `show'

Rendered rescues/_trace (46.4ms)
Rendered rescues/_request_and_response (1.7ms)
Rendering rescues/layout (internal_server_error)


Processing PagesController#show (for 127.0.0.1 at 2009-11-17 18:44:00) [GET]
  Parameters: {"permalink"=>"home"}

ActiveRecord::StatementInvalid (Could not find table 'pages'):
  /Library/Ruby/Gems/1.8/gems/mislav-will_paginate-2.3.11/lib/will_paginate/finder.rb:170:in `method_missing'
  app/controllers/pages_controller.rb:19:in `show'

Rendered rescues/_trace (108.4ms)
Rendered rescues/_request_and_response (0.3ms)
Rendering rescues/layout (internal_server_error)
  [4;36;1mSQL (0.3ms)[0m   [0;1m SELECT name
 FROM sqlite_master
 WHERE type = 'table' AND NOT name = 'sqlite_sequence'
[0m
  [4;35;1mSQL (0.2ms)[0m   [0mselect sqlite_version(*)[0m
  [4;36;1mSQL (2.6ms)[0m   [0;1mCREATE TABLE "schema_migrations" ("version" varchar(255) NOT NULL) [0m
  [4;35;1mSQL (1.8ms)[0m   [0mCREATE UNIQUE INDEX "unique_schema_migrations" ON "schema_migrations" ("version")[0m
  [4;36;1mSQL (0.2ms)[0m   [0;1m SELECT name
 FROM sqlite_master
 WHERE type = 'table' AND NOT name = 'sqlite_sequence'
[0m
  [4;35;1mSQL (0.2ms)[0m   [0mSELECT version FROM schema_migrations[0m
Migrating to CreatePages (20090703013813)
  [4;36;1mSQL (0.8ms)[0m   [0;1mCREATE TABLE "pages" ("id" INTEGER PRIMARY KEY AUTOINCREMENT NOT NULL, "name" varchar(255), "permalink" varchar(255), "content" text, "created_at" datetime, "updated_at" datetime) [0m
  [4;35;1mSQL (0.2ms)[0m   [0mINSERT INTO schema_migrations (version) VALUES ('20090703013813')[0m
Migrating to ClearanceCreateUsers (20090703013817)
  [4;36;1mSQL (0.7ms)[0m   [0;1mCREATE TABLE "users" ("id" INTEGER PRIMARY KEY AUTOINCREMENT NOT NULL, "email" varchar(255), "encrypted_password" varchar(128), "salt" varchar(128), "token" varchar(128), "token_expires_at" datetime, "email_confirmed" boolean DEFAULT 'f' NOT NULL) [0m
  [4;35;1mSQL (0.2ms)[0m   [0mCREATE INDEX "index_users_on_id_and_token" ON "users" ("id", "token")[0m
  [4;36;1mSQL (0.2ms)[0m   [0;1mCREATE INDEX "index_users_on_email" ON "users" ("email")[0m
  [4;35;1mSQL (0.2ms)[0m   [0mCREATE INDEX "index_users_on_token" ON "users" ("token")[0m
  [4;36;1mSQL (0.2ms)[0m   [0;1mINSERT INTO schema_migrations (version) VALUES ('20090703013817')[0m
Migrating to CreateTutors (20090703022556)
  [4;35;1mSQL (0.8ms)[0m   [0mCREATE TABLE "tutors" ("id" INTEGER PRIMARY KEY AUTOINCREMENT NOT NULL, "experience" text, "qualifications" text, "course_experience" text, "textbook_experience" text, "national_knowledge" text, "age" integer, "phone" integer, "sex" varchar(255), "flavour" varchar(255), "given_name" varchar(255), "family_name" varchar(255), "given_name_first" boolean, "created_at" datetime, "updated_at" datetime) [0m
  [4;36;1mSQL (0.3ms)[0m   [0;1mINSERT INTO schema_migrations (version) VALUES ('20090703022556')[0m
Migrating to AddAttachmentsPhotoToTutor (20090703113902)
  [4;35;1mSQL (0.8ms)[0m   [0mALTER TABLE "tutors" ADD "photo_file_name" varchar(255)[0m
  [4;36;1mSQL (0.3ms)[0m   [0;1mALTER TABLE "tutors" ADD "photo_content_type" varchar(255)[0m
  [4;35;1mSQL (0.3ms)[0m   [0mALTER TABLE "tutors" ADD "photo_file_size" integer[0m
  [4;36;1mSQL (0.3ms)[0m   [0;1mALTER TABLE "tutors" ADD "photo_updated_at" datetime[0m
  [4;35;1mSQL (0.2ms)[0m   [0mINSERT INTO schema_migrations (version) VALUES ('20090703113902')[0m
Migrating to AddTutorToUser (20090704060809)
  [4;36;1mSQL (0.8ms)[0m   [0;1mALTER TABLE "users" ADD "tutor_id" integer[0m
  [4;35;1mSQL (0.2ms)[0m   [0mINSERT INTO schema_migrations (version) VALUES ('20090704060809')[0m
Migrating to AddRoleToUser (20090707122921)
  [4;36;1mSQL (0.7ms)[0m   [0;1mALTER TABLE "users" ADD "role" varchar(255)[0m
  [4;35;1mSQL (0.2ms)[0m   [0mINSERT INTO schema_migrations (version) VALUES ('20090707122921')[0m
Migrating to LoadPagesData (20090709035205)
  [4;36;1mPage Delete all (0.4ms)[0m   [0;1mDELETE FROM "pages" WHERE 1=1[0m
  [4;35;1mPage Create (0.2ms)[0m   [0mINSERT INTO "pages" ("name", "permalink", "updated_at", "content", "created_at") VALUES(NULL, 'home', '2009-11-17 11:44:53', 'Go to ConnectTeach/static/home/edit to edit this page...', '2009-11-17 11:44:53')[0m
  [4;36;1mSQL (0.2ms)[0m   [0;1mINSERT INTO schema_migrations (version) VALUES ('20090709035205')[0m
Migrating to AddNewsColumnToPages (20091018012613)
  [4;35;1mSQL (0.6ms)[0m   [0mALTER TABLE "pages" ADD "news" boolean[0m
  [4;36;1mSQL (0.2ms)[0m   [0;1mINSERT INTO schema_migrations (version) VALUES ('20091018012613')[0m
Migrating to AddVntextColumnToPages (20091018053453)
  [4;35;1mSQL (0.6ms)[0m   [0mALTER TABLE "pages" ADD "vntext" text[0m
  [4;36;1mSQL (0.1ms)[0m   [0;1mINSERT INTO schema_migrations (version) VALUES ('20091018053453')[0m
Migrating to RenameVntextVncontent (20091018054118)
  [4;35;1mSQL (0.9ms)[0m   [0mCREATE TEMPORARY TABLE "altered_pages" ("id" INTEGER PRIMARY KEY AUTOINCREMENT NOT NULL, "name" varchar(255), "permalink" varchar(255), "content" text, "created_at" datetime, "updated_at" datetime, "news" boolean, "vncontent" text) [0m
  [4;36;1mSQL (0.1ms)[0m   [0;1mPRAGMA index_list("pages")[0m
  [4;35;1mSQL (0.3ms)[0m   [0mDROP TABLE "pages"[0m
  [4;36;1mSQL (0.2ms)[0m   [0;1mCREATE TABLE "pages" ("id" INTEGER PRIMARY KEY AUTOINCREMENT NOT NULL, "name" varchar(255), "permalink" varchar(255), "content" text, "created_at" datetime, "updated_at" datetime, "news" boolean, "vncontent" text) [0m
  [4;35;1mSQL (0.0ms)[0m   [0mPRAGMA index_list("altered_pages")[0m
  [4;36;1mSQL (0.1ms)[0m   [0;1mDROP TABLE "altered_pages"[0m
  [4;35;1mSQL (0.1ms)[0m   [0mINSERT INTO schema_migrations (version) VALUES ('20091018054118')[0m
Migrating to RenameVncontentVietnameseContent (20091018055834)
  [4;36;1mSQL (0.4ms)[0m   [0;1mCREATE TEMPORARY TABLE "altered_pages" ("id" INTEGER PRIMARY KEY AUTOINCREMENT NOT NULL, "name" varchar(255), "permalink" varchar(255), "content" text, "created_at" datetime, "updated_at" datetime, "news" boolean, "Vietnamese_content" text) [0m
  [4;35;1mSQL (0.1ms)[0m   [0mPRAGMA index_list("pages")[0m
  [4;36;1mSQL (0.4ms)[0m   [0;1mDROP TABLE "pages"[0m
  [4;35;1mSQL (0.3ms)[0m   [0mCREATE TABLE "pages" ("id" INTEGER PRIMARY KEY AUTOINCREMENT NOT NULL, "name" varchar(255), "permalink" varchar(255), "content" text, "created_at" datetime, "updated_at" datetime, "news" boolean, "Vietnamese_content" text) [0m
  [4;36;1mSQL (0.1ms)[0m   [0;1mPRAGMA index_list("altered_pages")[0m
  [4;35;1mSQL (0.1ms)[0m   [0mDROP TABLE "altered_pages"[0m
  [4;36;1mSQL (0.2ms)[0m   [0;1mCREATE TEMPORARY TABLE "altered_pages" ("id" INTEGER PRIMARY KEY AUTOINCREMENT NOT NULL, "name" varchar(255), "permalink" varchar(255), "English_content" text, "created_at" datetime, "updated_at" datetime, "news" boolean, "Vietnamese_content" text) [0m
  [4;35;1mSQL (0.0ms)[0m   [0mPRAGMA index_list("pages")[0m
  [4;36;1mSQL (0.1ms)[0m   [0;1mDROP TABLE "pages"[0m
  [4;35;1mSQL (0.2ms)[0m   [0mCREATE TABLE "pages" ("id" INTEGER PRIMARY KEY AUTOINCREMENT NOT NULL, "name" varchar(255), "permalink" varchar(255), "English_content" text, "created_at" datetime, "updated_at" datetime, "news" boolean, "Vietnamese_content" text) [0m
  [4;36;1mSQL (0.0ms)[0m   [0;1mPRAGMA index_list("altered_pages")[0m
  [4;35;1mSQL (0.1ms)[0m   [0mDROP TABLE "altered_pages"[0m
  [4;36;1mSQL (0.1ms)[0m   [0;1mINSERT INTO schema_migrations (version) VALUES ('20091018055834')[0m
Migrating to CreateNewsitems (20091018085601)
  [4;35;1mSQL (0.9ms)[0m   [0mCREATE TABLE "newsitems" ("id" INTEGER PRIMARY KEY AUTOINCREMENT NOT NULL, "title" varchar(255), "contents" text, "image_url" varchar(255), "created_at" datetime, "updated_at" datetime) [0m
  [4;36;1mSQL (0.1ms)[0m   [0;1mINSERT INTO schema_migrations (version) VALUES ('20091018085601')[0m
Migrating to AddAttachmentsPhotoToNewsitem (20091018091113)
  [4;35;1mSQL (0.7ms)[0m   [0mALTER TABLE "newsitems" ADD "photo_file_name" varchar(255)[0m
  [4;36;1mSQL (0.3ms)[0m   [0;1mALTER TABLE "newsitems" ADD "photo_content_type" varchar(255)[0m
  [4;35;1mSQL (0.3ms)[0m   [0mALTER TABLE "newsitems" ADD "photo_file_size" integer[0m
  [4;36;1mSQL (0.4ms)[0m   [0;1mALTER TABLE "newsitems" ADD "photo_updated_at" datetime[0m
  [4;35;1mSQL (0.3ms)[0m   [0mCREATE TEMPORARY TABLE "altered_newsitems" ("id" INTEGER PRIMARY KEY AUTOINCREMENT NOT NULL, "title" varchar(255), "contents" text, "image_url" varchar(255), "created_at" datetime, "updated_at" datetime, "photo_file_name" varchar(255), "photo_content_type" varchar(255), "photo_file_size" integer, "photo_updated_at" datetime) [0m
  [4;36;1mSQL (0.1ms)[0m   [0;1mPRAGMA index_list("newsitems")[0m
  [4;35;1mSQL (0.3ms)[0m   [0mDROP TABLE "newsitems"[0m
  [4;36;1mSQL (0.3ms)[0m   [0;1mCREATE TABLE "newsitems" ("id" INTEGER PRIMARY KEY AUTOINCREMENT NOT NULL, "title" varchar(255), "contents" text, "created_at" datetime, "updated_at" datetime, "photo_file_name" varchar(255), "photo_content_type" varchar(255), "photo_file_size" integer, "photo_updated_at" datetime) [0m
  [4;35;1mSQL (0.1ms)[0m   [0mPRAGMA index_list("altered_newsitems")[0m
  [4;36;1mSQL (0.1ms)[0m   [0;1mDROP TABLE "altered_newsitems"[0m
  [4;35;1mSQL (0.2ms)[0m   [0mINSERT INTO schema_migrations (version) VALUES ('20091018091113')[0m
Migrating to AddVietnameseContentToNewsitem (20091018102538)
  [4;36;1mSQL (0.9ms)[0m   [0;1mALTER TABLE "newsitems" ADD "Vietnamese_content" text[0m
  [4;35;1mSQL (0.3ms)[0m   [0mCREATE TEMPORARY TABLE "altered_newsitems" ("id" INTEGER PRIMARY KEY AUTOINCREMENT NOT NULL, "title" varchar(255), "English_content" text, "created_at" datetime, "updated_at" datetime, "photo_file_name" varchar(255), "photo_content_type" varchar(255), "photo_file_size" integer, "photo_updated_at" datetime, "Vietnamese_content" text) [0m
  [4;36;1mSQL (0.1ms)[0m   [0;1mPRAGMA index_list("newsitems")[0m
  [4;35;1mSQL (0.2ms)[0m   [0mDROP TABLE "newsitems"[0m
  [4;36;1mSQL (0.2ms)[0m   [0;1mCREATE TABLE "newsitems" ("id" INTEGER PRIMARY KEY AUTOINCREMENT NOT NULL, "title" varchar(255), "English_content" text, "created_at" datetime, "updated_at" datetime, "photo_file_name" varchar(255), "photo_content_type" varchar(255), "photo_file_size" integer, "photo_updated_at" datetime, "Vietnamese_content" text) [0m
  [4;35;1mSQL (0.1ms)[0m   [0mPRAGMA index_list("altered_newsitems")[0m
  [4;36;1mSQL (0.1ms)[0m   [0;1mDROP TABLE "altered_newsitems"[0m
  [4;35;1mSQL (0.2ms)[0m   [0mINSERT INTO schema_migrations (version) VALUES ('20091018102538')[0m
Migrating to AddMoreStaticPages (20091019203201)
  [4;36;1mSQL (0.5ms)[0m   [0;1mINSERT INTO schema_migrations (version) VALUES ('20091019203201')[0m
Migrating to AddExampleNewsitem (20091022064838)
  [4;35;1mNewsitem Delete all (0.5ms)[0m   [0mDELETE FROM "newsitems" WHERE 1=1[0m
  [4;36;1mNewsitem Create (0.2ms)[0m   [0;1mINSERT INTO "newsitems" ("updated_at", "photo_file_name", "photo_file_size", "title", "English_content", "Vietnamese_content", "photo_updated_at", "photo_content_type", "created_at") VALUES('2009-11-17 11:44:53', NULL, NULL, 'First Newsitem', 'Example Newsitem', NULL, NULL, NULL, '2009-11-17 11:44:53')[0m
[paperclip] Saving attachments.
  [4;35;1mNewsitem Create (0.1ms)[0m   [0mINSERT INTO "newsitems" ("updated_at", "photo_file_name", "photo_file_size", "title", "English_content", "Vietnamese_content", "photo_updated_at", "photo_content_type", "created_at") VALUES('2009-11-17 11:44:53', NULL, NULL, 'Second Newsitem', 'Example Newsitem', NULL, NULL, NULL, '2009-11-17 11:44:53')[0m
[paperclip] Saving attachments.
  [4;36;1mNewsitem Create (0.1ms)[0m   [0;1mINSERT INTO "newsitems" ("updated_at", "photo_file_name", "photo_file_size", "title", "English_content", "Vietnamese_content", "photo_updated_at", "photo_content_type", "created_at") VALUES('2009-11-17 11:44:53', NULL, NULL, 'Third Newsitem', 'Example Newsitem - please edit', NULL, NULL, NULL, '2009-11-17 11:44:53')[0m
[paperclip] Saving attachments.
  [4;35;1mSQL (0.1ms)[0m   [0mINSERT INTO schema_migrations (version) VALUES ('20091022064838')[0m
Migrating to AddLanguageToUser (20091023105856)
  [4;36;1mSQL (0.8ms)[0m   [0;1mALTER TABLE "users" ADD "language" varchar(255)[0m
  [4;35;1mSQL (0.2ms)[0m   [0mINSERT INTO schema_migrations (version) VALUES ('20091023105856')[0m
Migrating to AddInitialAdminUser (20091104035939)
  [4;36;1mUser Load (0.3ms)[0m   [0;1mSELECT "users".id FROM "users" WHERE (LOWER("users"."email") = 'admin@connectteach.com') LIMIT 1[0m
  [4;35;1mUser Load (0.1ms)[0m   [0mSELECT "users".id FROM "users" WHERE (LOWER("users"."email") = 'admin@connectteach.com') LIMIT 1[0m
  [4;36;1mUser Create (0.5ms)[0m   [0;1mINSERT INTO "users" ("encrypted_password", "salt", "language", "token", "token_expires_at", "tutor_id", "role", "email", "email_confirmed") VALUES('4214848eb3431be999bc9489182d1d32c628dda6', '1fff197991fa1db82cae28e1764de904ca8a67f5', NULL, '9172dcc730dbab0c940cdb68634f16470993d03d', NULL, NULL, 'admin', 'admin@connectteach.com', 't')[0m
  [4;35;1mUser Load (0.1ms)[0m   [0mSELECT "users".id FROM "users" WHERE (LOWER("users"."email") = 'admin@connectteach.com' AND "users".id <> 1) LIMIT 1[0m
  [4;36;1mSQL (0.2ms)[0m   [0;1mINSERT INTO schema_migrations (version) VALUES ('20091104035939')[0m
Migrating to AddPhoneAndAddressToTutor (20091114215759)
  [4;35;1mSQL (0.6ms)[0m   [0mALTER TABLE "tutors" ADD "address" text[0m
  [4;36;1mSQL (0.1ms)[0m   [0;1mINSERT INTO schema_migrations (version) VALUES ('20091114215759')[0m
Migrating to AddTextileHelpPage (20091115115810)
  [4;35;1mPage Delete all (0.4ms)[0m   [0mDELETE FROM "pages" WHERE 1=1[0m
  [4;36;1mSQL (0.9ms)[0m   [0;1m SELECT name
 FROM sqlite_master
 WHERE type = 'table' AND NOT name = 'sqlite_sequence'
[0m
  [4;35;1mSQL (1.0ms)[0m   [0mSELECT version FROM schema_migrations[0m
Migrating to CreatePages (20090703013813)
Migrating to ClearanceCreateUsers (20090703013817)
Migrating to CreateTutors (20090703022556)
Migrating to AddAttachmentsPhotoToTutor (20090703113902)
Migrating to AddTutorToUser (20090704060809)
Migrating to AddRoleToUser (20090707122921)
Migrating to LoadPagesData (20090709035205)
Migrating to AddNewsColumnToPages (20091018012613)
Migrating to AddVntextColumnToPages (20091018053453)
Migrating to RenameVntextVncontent (20091018054118)
Migrating to RenameVncontentVietnameseContent (20091018055834)
Migrating to CreateNewsitems (20091018085601)
Migrating to AddAttachmentsPhotoToNewsitem (20091018091113)
Migrating to AddVietnameseContentToNewsitem (20091018102538)
Migrating to AddMoreStaticPages (20091019203201)
Migrating to AddExampleNewsitem (20091022064838)
Migrating to AddLanguageToUser (20091023105856)
Migrating to AddInitialAdminUser (20091104035939)
Migrating to AddPhoneAndAddressToTutor (20091114215759)
Migrating to AddTextileHelpPage (20091115115810)
  [4;36;1mSQL (0.1ms)[0m   [0;1mselect sqlite_version(*)[0m
  [4;35;1mPage Delete all (0.4ms)[0m   [0mDELETE FROM "pages" WHERE 1=1[0m
  [4;36;1mPage Create (0.2ms)[0m   [0;1mINSERT INTO "pages" ("name", "permalink", "updated_at", "English_content", "Vietnamese_content", "news", "created_at") VALUES(NULL, 'home', '2009-11-17 11:45:32', 'Go to ConnectTeach/static/home/edit to edit this page...', NULL, 't', '2009-11-17 11:45:32')[0m
  [4;35;1mPage Create (0.1ms)[0m   [0mINSERT INTO "pages" ("name", "permalink", "updated_at", "English_content", "Vietnamese_content", "news", "created_at") VALUES(NULL, 'contact', '2009-11-17 11:45:32', 'Go to ConnectTeach/static/contact/edit to edit this page...', NULL, NULL, '2009-11-17 11:45:32')[0m
  [4;36;1mPage Create (0.1ms)[0m   [0;1mINSERT INTO "pages" ("name", "permalink", "updated_at", "English_content", "Vietnamese_content", "news", "created_at") VALUES(NULL, 'about', '2009-11-17 11:45:32', 'Go to ConnectTeach/static/about/edit to edit this page...', NULL, NULL, '2009-11-17 11:45:32')[0m
  [4;35;1mPage Create (0.1ms)[0m   [0mINSERT INTO "pages" ("name", "permalink", "updated_at", "English_content", "Vietnamese_content", "news", "created_at") VALUES(NULL, 'courses', '2009-11-17 11:45:32', 'Go to ConnectTeach/static/courses/edit to edit this page...', NULL, NULL, '2009-11-17 11:45:32')[0m
  [4;36;1mPage Create (0.1ms)[0m   [0;1mINSERT INTO "pages" ("name", "permalink", "updated_at", "English_content", "Vietnamese_content", "news", "created_at") VALUES(NULL, 'textilehelp', '2009-11-17 11:45:32', 'h1. Textile Help

Separate paragraphs with a newline.

h1. h1. header

h2. h2. header

h3. h3. header

h4. h4. header', NULL, NULL, '2009-11-17 11:45:32')[0m
  [4;35;1mSQL (0.2ms)[0m   [0mINSERT INTO schema_migrations (version) VALUES ('20091115115810')[0m
Migrating to RemoveNameFromPages (20091115123342)
  [4;36;1mSQL (1.0ms)[0m   [0;1mCREATE TEMPORARY TABLE "altered_pages" ("id" INTEGER PRIMARY KEY AUTOINCREMENT NOT NULL, "name" varchar(255), "permalink" varchar(255), "English_content" text, "created_at" datetime, "updated_at" datetime, "news" boolean, "Vietnamese_content" text) [0m
  [4;35;1mSQL (0.1ms)[0m   [0mPRAGMA index_list("pages")[0m
  [4;36;1mSQL (0.4ms)[0m   [0;1mDROP TABLE "pages"[0m
  [4;35;1mSQL (0.2ms)[0m   [0mCREATE TABLE "pages" ("id" INTEGER PRIMARY KEY AUTOINCREMENT NOT NULL, "permalink" varchar(255), "English_content" text, "created_at" datetime, "updated_at" datetime, "news" boolean, "Vietnamese_content" text) [0m
  [4;36;1mSQL (0.0ms)[0m   [0;1mPRAGMA index_list("altered_pages")[0m
  [4;35;1mSQL (0.1ms)[0m   [0mDROP TABLE "altered_pages"[0m
  [4;36;1mSQL (0.3ms)[0m   [0;1mINSERT INTO schema_migrations (version) VALUES ('20091115123342')[0m
Migrating to AddClientsAndTutorsPages (20091117114024)
  [4;35;1mSQL (0.5ms)[0m   [0mINSERT INTO schema_migrations (version) VALUES ('20091117114024')[0m
  [4;36;1mSQL (0.7ms)[0m   [0;1m SELECT name
 FROM sqlite_master
 WHERE type = 'table' AND NOT name = 'sqlite_sequence'
[0m
  [4;35;1mSQL (1.5ms)[0m   [0mSELECT version FROM schema_migrations[0m
  [4;36;1mSQL (0.6ms)[0m   [0;1m SELECT name
 FROM sqlite_master
 WHERE type = 'table' AND NOT name = 'sqlite_sequence'
[0m
  [4;35;1mSQL (0.1ms)[0m   [0mPRAGMA index_list("newsitems")[0m
  [4;36;1mSQL (0.1ms)[0m   [0;1mPRAGMA index_list("pages")[0m
  [4;35;1mSQL (0.1ms)[0m   [0mPRAGMA index_list("tutors")[0m
  [4;36;1mSQL (0.3ms)[0m   [0;1mPRAGMA index_list("users")[0m
  [4;35;1mSQL (0.2ms)[0m   [0mPRAGMA index_info('index_users_on_token')[0m
  [4;36;1mSQL (0.2ms)[0m   [0;1mPRAGMA index_info('index_users_on_email')[0m
  [4;35;1mSQL (0.2ms)[0m   [0mPRAGMA index_info('index_users_on_id_and_token')[0m


Processing PagesController#show (for 127.0.0.1 at 2009-11-17 18:45:49) [GET]
  Parameters: {"permalink"=>"home"}
  [4;36;1mPage Load (0.3ms)[0m   [0;1mSELECT * FROM "pages" WHERE ("pages"."permalink" = 'home') LIMIT 1[0m
  [4;35;1mNewsitem Load (1.3ms)[0m   [0mSELECT * FROM "newsitems" ORDER BY created_at DESC LIMIT 3[0m
Rendering template within layouts/application
Rendering pages/show
Rendered pages/_content_for_newsbar (45.7ms)
***************************************
tutor_link = /session/new
***************************************
Completed in 86ms (View: 74, DB: 2) | 200 OK [http://localhost/]


Processing ApplicationController#index (for 127.0.0.1 at 2009-11-17 18:45:49) [GET]

ActionController::RoutingError (No route matches "/photos/small/missing.png" with {:method=>:get}):
  

Rendering rescues/layout (not_found)


Processing ApplicationController#index (for 127.0.0.1 at 2009-11-17 18:45:49) [GET]

ActionController::RoutingError (No route matches "/photos/small/missing.png" with {:method=>:get}):
  

Rendering rescues/layout (not_found)


Processing Clearance::SessionsController#new (for 127.0.0.1 at 2009-11-17 18:45:54) [GET]
  Parameters: {"action"=>"new", "controller"=>"clearance/sessions"}
Rendering template within layouts/application
Rendering sessions/new
***************************************
tutor_link = /session/new
***************************************
Completed in 24ms (View: 22, DB: 0) | 200 OK [http://localhost/clearance/sessions/new]


Processing Clearance::SessionsController#create (for 127.0.0.1 at 2009-11-17 18:46:11) [POST]
  Parameters: {"commit"=>"Sign in", "action"=>"create", "authenticity_token"=>"vG8hnX/mF/kM3NAnyPZVJcwh0n1ZJiUXMztfmmZ6ZM0=", "session"=>{"password"=>"[FILTERED]", "remember_me"=>"0", "email"=>"admin@connectteach.com"}, "controller"=>"clearance/sessions"}
  [4;36;1mUser Load (0.4ms)[0m   [0;1mSELECT * FROM "users" WHERE ("users"."email" = 'admin@connectteach.com') LIMIT 1[0m
Redirected to http://localhost:3000/
Completed in 14ms (DB: 0) | 302 Found [http://localhost/session]


Processing PagesController#show (for 127.0.0.1 at 2009-11-17 18:46:11) [GET]
  Parameters: {"permalink"=>"home"}
  [4;35;1mPage Load (0.3ms)[0m   [0mSELECT * FROM "pages" WHERE ("pages"."permalink" = 'home') LIMIT 1[0m
  [4;36;1mNewsitem Load (1.1ms)[0m   [0;1mSELECT * FROM "newsitems" ORDER BY created_at DESC LIMIT 3[0m
Rendering template within layouts/application
Rendering pages/show
  [4;35;1mUser Load (0.4ms)[0m   [0mSELECT * FROM "users" WHERE ("users"."id" = 1) [0m
Rendered pages/_content_for_newsbar (20.0ms)
  [4;36;1mCACHE (0.0ms)[0m   [0;1mSELECT * FROM "users" WHERE ("users"."id" = 1) [0m
  [4;35;1mCACHE (0.0ms)[0m   [0mSELECT * FROM "users" WHERE ("users"."id" = 1) [0m
***************************************
user.tutor_id = 
***************************************
***************************************
tutor_link = /tutors
***************************************
Completed in 38ms (View: 27, DB: 2) | 200 OK [http://localhost/]


Processing ApplicationController#index (for 127.0.0.1 at 2009-11-17 18:46:11) [GET]

ActionController::RoutingError (No route matches "/photos/small/missing.png" with {:method=>:get}):
  

Rendering rescues/layout (not_found)


Processing ApplicationController#index (for 127.0.0.1 at 2009-11-17 18:46:11) [GET]

ActionController::RoutingError (No route matches "/photos/small/missing.png" with {:method=>:get}):
  

Rendering rescues/layout (not_found)


Processing PagesController#edit (for 127.0.0.1 at 2009-11-17 18:52:44) [GET]
  Parameters: {"permalink"=>"home"}
  [4;36;1mPage Load (0.3ms)[0m   [0;1mSELECT * FROM "pages" WHERE ("pages"."permalink" = 'home') LIMIT 1[0m
Rendering template within layouts/application
Rendering pages/edit
Rendered pages/_page_form (11.1ms)
  [4;35;1mUser Load (0.4ms)[0m   [0mSELECT * FROM "users" WHERE ("users"."id" = 1) [0m
***************************************
user.tutor_id = 
***************************************
***************************************
tutor_link = /tutors
***************************************
Completed in 37ms (View: 30, DB: 1) | 200 OK [http://localhost/static/home/edit]


Processing PagesController#update (for 127.0.0.1 at 2009-11-17 18:52:58) [PUT]
  Parameters: {"commit"=>"Save", "authenticity_token"=>"vG8hnX/mF/kM3NAnyPZVJcwh0n1ZJiUXMztfmmZ6ZM0=", "id"=>"2", "page"=>{"permalink"=>"home", "Vietnamese_content"=>"", "English_content"=>"This is the home page", "news"=>"1"}}
  [4;36;1mPage Load (0.3ms)[0m   [0;1mSELECT * FROM "pages" WHERE ("pages"."id" = 2) [0m
  [4;35;1mPage Update (0.4ms)[0m   [0mUPDATE "pages" SET "English_content" = 'This is the home page', "Vietnamese_content" = '', "updated_at" = '2009-11-17 11:52:58' WHERE "id" = 2[0m
Redirected to http://localhost:3000/pages/2
Completed in 14ms (DB: 1) | 302 Found [http://localhost/pages/2]


Processing PagesController#show (for 127.0.0.1 at 2009-11-17 18:52:58) [GET]
  Parameters: {"id"=>"2"}
  [4;36;1mPage Load (0.3ms)[0m   [0;1mSELECT * FROM "pages" WHERE ("pages"."id" = 2) [0m
  [4;35;1mNewsitem Load (1.0ms)[0m   [0mSELECT * FROM "newsitems" ORDER BY created_at DESC LIMIT 3[0m
Rendering template within layouts/application
Rendering pages/show
  [4;36;1mUser Load (0.4ms)[0m   [0;1mSELECT * FROM "users" WHERE ("users"."id" = 1) [0m
Rendered pages/_content_for_newsbar (17.9ms)
  [4;35;1mCACHE (0.0ms)[0m   [0mSELECT * FROM "users" WHERE ("users"."id" = 1) [0m
  [4;36;1mCACHE (0.0ms)[0m   [0;1mSELECT * FROM "users" WHERE ("users"."id" = 1) [0m
***************************************
user.tutor_id = 
***************************************
***************************************
tutor_link = /tutors
***************************************
Completed in 36ms (View: 24, DB: 2) | 200 OK [http://localhost/pages/2]


Processing ApplicationController#index (for 127.0.0.1 at 2009-11-17 18:52:58) [GET]

ActionController::RoutingError (No route matches "/photos/small/missing.png" with {:method=>:get}):
  

Rendering rescues/layout (not_found)


Processing ApplicationController#index (for 127.0.0.1 at 2009-11-17 18:52:58) [GET]

ActionController::RoutingError (No route matches "/photos/small/missing.png" with {:method=>:get}):
  

Rendering rescues/layout (not_found)


Processing NewsitemsController#index (for 127.0.0.1 at 2009-11-17 18:53:00) [GET]
  [4;35;1mNewsitem Load (1.0ms)[0m   [0mSELECT * FROM "newsitems" [0m
Rendering template within layouts/application
Rendering newsitems/index
  [4;36;1mUser Load (0.4ms)[0m   [0;1mSELECT * FROM "users" WHERE ("users"."id" = 1) [0m
  [4;35;1mCACHE (0.0ms)[0m   [0mSELECT * FROM "users" WHERE ("users"."id" = 1) [0m
  [4;36;1mCACHE (0.0ms)[0m   [0;1mSELECT * FROM "users" WHERE ("users"."id" = 1) [0m
  [4;35;1mCACHE (0.0ms)[0m   [0mSELECT * FROM "users" WHERE ("users"."id" = 1) [0m
  [4;36;1mCACHE (0.0ms)[0m   [0;1mSELECT * FROM "users" WHERE ("users"."id" = 1) [0m
***************************************
user.tutor_id = 
***************************************
***************************************
tutor_link = /tutors
***************************************
Completed in 47ms (View: 40, DB: 1) | 200 OK [http://localhost/newsitems]


Processing ApplicationController#index (for 127.0.0.1 at 2009-11-17 18:53:00) [GET]

ActionController::RoutingError (No route matches "/photos/thumb/missing.png" with {:method=>:get}):
  

Rendering rescues/layout (not_found)


Processing NewsitemsController#edit (for 127.0.0.1 at 2009-11-17 18:53:02) [GET]
  Parameters: {"id"=>"1"}
  [4;35;1mNewsitem Load (0.4ms)[0m   [0mSELECT * FROM "newsitems" WHERE ("newsitems"."id" = 1) [0m
Rendering template within layouts/application
Rendering newsitems/edit
Rendered newsitems/_newsitem_form (11.9ms)
  [4;36;1mUser Load (0.4ms)[0m   [0;1mSELECT * FROM "users" WHERE ("users"."id" = 1) [0m
***************************************
user.tutor_id = 
***************************************
***************************************
tutor_link = /tutors
***************************************
Completed in 39ms (View: 31, DB: 1) | 200 OK [http://localhost/newsitems/1/edit]


Processing ApplicationController#index (for 127.0.0.1 at 2009-11-17 18:53:02) [GET]

ActionController::RoutingError (No route matches "/photos/thumb/missing.png" with {:method=>:get}):
  

Rendering rescues/layout (not_found)


Processing NewsitemsController#update (for 127.0.0.1 at 2009-11-17 18:53:25) [PUT]
  Parameters: {"commit"=>"Save", "authenticity_token"=>"vG8hnX/mF/kM3NAnyPZVJcwh0n1ZJiUXMztfmmZ6ZM0=", "id"=>"1", "newsitem"=>{"title"=>"hello!!!", "Vietnamese_content"=>"", "English_content"=>"A news item called hello!!!"}}
  [4;35;1mNewsitem Load (0.3ms)[0m   [0mSELECT * FROM "newsitems" WHERE ("newsitems"."id" = 1) [0m
  [4;36;1mNewsitem Update (0.4ms)[0m   [0;1mUPDATE "newsitems" SET "English_content" = 'A news item called hello!!!', "title" = 'hello!!!', "Vietnamese_content" = '', "updated_at" = '2009-11-17 11:53:25' WHERE "id" = 1[0m
[paperclip] Saving attachments.
Redirected to http://localhost:3000/newsitems/1
Completed in 14ms (DB: 1) | 302 Found [http://localhost/newsitems/1]


Processing NewsitemsController#show (for 127.0.0.1 at 2009-11-17 18:53:25) [GET]
  Parameters: {"id"=>"1"}
  [4;35;1mNewsitem Load (0.3ms)[0m   [0mSELECT * FROM "newsitems" WHERE ("newsitems"."id" = 1) [0m
Rendering template within layouts/application
Rendering newsitems/show
  [4;36;1mUser Load (0.5ms)[0m   [0;1mSELECT * FROM "users" WHERE ("users"."id" = 1) [0m
  [4;35;1mCACHE (0.0ms)[0m   [0mSELECT * FROM "users" WHERE ("users"."id" = 1) [0m
***************************************
user.tutor_id = 
***************************************
***************************************
tutor_link = /tutors
***************************************
Completed in 30ms (View: 22, DB: 1) | 200 OK [http://localhost/newsitems/1]


Processing ApplicationController#index (for 127.0.0.1 at 2009-11-17 18:53:25) [GET]

ActionController::RoutingError (No route matches "/photos/original/missing.png" with {:method=>:get}):
  

Rendering rescues/layout (not_found)
  [4;36;1mSQL (0.9ms)[0m   [0;1m SELECT name
 FROM sqlite_master
 WHERE type = 'table' AND NOT name = 'sqlite_sequence'
[0m
  [4;35;1mSQL (1.2ms)[0m   [0mSELECT version FROM schema_migrations[0m
  [4;36;1mSQL (0.4ms)[0m   [0;1m SELECT name
 FROM sqlite_master
 WHERE type = 'table' AND NOT name = 'sqlite_sequence'
[0m
  [4;35;1mSQL (1.2ms)[0m   [0mSELECT version FROM schema_migrations[0m
Migrating to AddClientsAndTutorsPages (20091117114024)
  [4;36;1mSQL (0.1ms)[0m   [0;1mselect sqlite_version(*)[0m
  [4;35;1mSQL (0.5ms)[0m   [0mDELETE FROM schema_migrations WHERE version = '20091117114024'[0m
  [4;36;1mSQL (0.7ms)[0m   [0;1m SELECT name
 FROM sqlite_master
 WHERE type = 'table' AND NOT name = 'sqlite_sequence'
[0m
  [4;35;1mSQL (1.5ms)[0m   [0mSELECT version FROM schema_migrations[0m
  [4;36;1mSQL (0.5ms)[0m   [0;1m SELECT name
 FROM sqlite_master
 WHERE type = 'table' AND NOT name = 'sqlite_sequence'
[0m
  [4;35;1mSQL (0.1ms)[0m   [0mPRAGMA index_list("newsitems")[0m
  [4;36;1mSQL (0.1ms)[0m   [0;1mPRAGMA index_list("pages")[0m
  [4;35;1mSQL (0.1ms)[0m   [0mPRAGMA index_list("tutors")[0m
  [4;36;1mSQL (0.3ms)[0m   [0;1mPRAGMA index_list("users")[0m
  [4;35;1mSQL (0.1ms)[0m   [0mPRAGMA index_info('index_users_on_token')[0m
  [4;36;1mSQL (0.1ms)[0m   [0;1mPRAGMA index_info('index_users_on_email')[0m
  [4;35;1mSQL (0.2ms)[0m   [0mPRAGMA index_info('index_users_on_id_and_token')[0m
  [4;36;1mSQL (0.4ms)[0m   [0;1m SELECT name
 FROM sqlite_master
 WHERE type = 'table' AND NOT name = 'sqlite_sequence'
[0m
  [4;35;1mSQL (1.1ms)[0m   [0mSELECT version FROM schema_migrations[0m
Migrating to CreatePages (20090703013813)
Migrating to ClearanceCreateUsers (20090703013817)
Migrating to CreateTutors (20090703022556)
Migrating to AddAttachmentsPhotoToTutor (20090703113902)
Migrating to AddTutorToUser (20090704060809)
Migrating to AddRoleToUser (20090707122921)
Migrating to LoadPagesData (20090709035205)
Migrating to AddNewsColumnToPages (20091018012613)
Migrating to AddVntextColumnToPages (20091018053453)
Migrating to RenameVntextVncontent (20091018054118)
Migrating to RenameVncontentVietnameseContent (20091018055834)
Migrating to CreateNewsitems (20091018085601)
Migrating to AddAttachmentsPhotoToNewsitem (20091018091113)
Migrating to AddVietnameseContentToNewsitem (20091018102538)
Migrating to AddMoreStaticPages (20091019203201)
Migrating to AddExampleNewsitem (20091022064838)
Migrating to AddLanguageToUser (20091023105856)
Migrating to AddInitialAdminUser (20091104035939)
Migrating to AddPhoneAndAddressToTutor (20091114215759)
Migrating to AddTextileHelpPage (20091115115810)
Migrating to RemoveNameFromPages (20091115123342)
Migrating to AddClientsAndTutorsPages (20091117114024)
  [4;36;1mPage Create (0.4ms)[0m   [0;1mINSERT INTO "pages" ("permalink", "updated_at", "English_content", "Vietnamese_content", "news", "created_at") VALUES('clients', '2009-11-17 11:55:10', NULL, NULL, NULL, '2009-11-17 11:55:10')[0m
  [4;35;1mPage Create (0.1ms)[0m   [0mINSERT INTO "pages" ("permalink", "updated_at", "English_content", "Vietnamese_content", "news", "created_at") VALUES('tutors', '2009-11-17 11:55:10', NULL, NULL, NULL, '2009-11-17 11:55:10')[0m
  [4;36;1mSQL (0.2ms)[0m   [0;1mINSERT INTO schema_migrations (version) VALUES ('20091117114024')[0m
  [4;35;1mSQL (0.5ms)[0m   [0m SELECT name
 FROM sqlite_master
 WHERE type = 'table' AND NOT name = 'sqlite_sequence'
[0m
  [4;36;1mSQL (1.1ms)[0m   [0;1mSELECT version FROM schema_migrations[0m
  [4;35;1mSQL (0.4ms)[0m   [0m SELECT name
 FROM sqlite_master
 WHERE type = 'table' AND NOT name = 'sqlite_sequence'
[0m
  [4;36;1mSQL (0.1ms)[0m   [0;1mPRAGMA index_list("newsitems")[0m
  [4;35;1mSQL (0.1ms)[0m   [0mPRAGMA index_list("pages")[0m
  [4;36;1mSQL (0.1ms)[0m   [0;1mPRAGMA index_list("tutors")[0m
  [4;35;1mSQL (0.3ms)[0m   [0mPRAGMA index_list("users")[0m
  [4;36;1mSQL (0.2ms)[0m   [0;1mPRAGMA index_info('index_users_on_token')[0m
  [4;35;1mSQL (0.1ms)[0m   [0mPRAGMA index_info('index_users_on_email')[0m
  [4;36;1mSQL (0.2ms)[0m   [0;1mPRAGMA index_info('index_users_on_id_and_token')[0m


Processing PagesController#show (for 127.0.0.1 at 2009-11-17 18:56:57) [GET]
  Parameters: {"permalink"=>"clients"}
  [4;36;1mPage Load (0.3ms)[0m   [0;1mSELECT * FROM "pages" WHERE ("pages"."permalink" = 'clients') LIMIT 1[0m
  [4;35;1mNewsitem Load (1.0ms)[0m   [0mSELECT * FROM "newsitems" ORDER BY created_at DESC LIMIT 3[0m
Rendering template within layouts/application
Rendering pages/show
  [4;36;1mUser Load (0.4ms)[0m   [0;1mSELECT * FROM "users" WHERE ("users"."id" = 1) [0m
  [4;35;1mCACHE (0.0ms)[0m   [0mSELECT * FROM "users" WHERE ("users"."id" = 1) [0m
***************************************
user.tutor_id = 
***************************************
***************************************
tutor_link = /tutors
***************************************
Completed in 25ms (View: 13, DB: 2) | 200 OK [http://localhost/static/clients]


Processing PagesController#edit (for 127.0.0.1 at 2009-11-17 18:57:13) [GET]
  Parameters: {"permalink"=>"clients"}
  [4;36;1mPage Load (0.3ms)[0m   [0;1mSELECT * FROM "pages" WHERE ("pages"."permalink" = 'clients') LIMIT 1[0m
Rendering template within layouts/application
Rendering pages/edit
Rendered pages/_page_form (9.8ms)
  [4;35;1mUser Load (0.4ms)[0m   [0mSELECT * FROM "users" WHERE ("users"."id" = 1) [0m
***************************************
user.tutor_id = 
***************************************
***************************************
tutor_link = /tutors
***************************************
Completed in 28ms (View: 21, DB: 1) | 200 OK [http://localhost/static/clients/edit]


Processing PagesController#update (for 127.0.0.1 at 2009-11-17 18:57:35) [PUT]
  Parameters: {"commit"=>"Save", "authenticity_token"=>"vG8hnX/mF/kM3NAnyPZVJcwh0n1ZJiUXMztfmmZ6ZM0=", "id"=>"7", "page"=>{"permalink"=>"clients", "Vietnamese_content"=>"", "English_content"=>"The client page", "news"=>"0"}}
  [4;36;1mPage Load (0.3ms)[0m   [0;1mSELECT * FROM "pages" WHERE ("pages"."id" = 7) [0m
  [4;35;1mPage Update (0.4ms)[0m   [0mUPDATE "pages" SET "English_content" = 'The client page', "news" = 'f', "Vietnamese_content" = '', "updated_at" = '2009-11-17 11:57:35' WHERE "id" = 7[0m
Redirected to http://localhost:3000/pages/7
Completed in 14ms (DB: 1) | 302 Found [http://localhost/pages/7]


Processing PagesController#show (for 127.0.0.1 at 2009-11-17 18:57:35) [GET]
  Parameters: {"id"=>"7"}
  [4;36;1mPage Load (0.3ms)[0m   [0;1mSELECT * FROM "pages" WHERE ("pages"."id" = 7) [0m
  [4;35;1mNewsitem Load (1.1ms)[0m   [0mSELECT * FROM "newsitems" ORDER BY created_at DESC LIMIT 3[0m
Rendering template within layouts/application
Rendering pages/show
  [4;36;1mUser Load (0.5ms)[0m   [0;1mSELECT * FROM "users" WHERE ("users"."id" = 1) [0m
  [4;35;1mCACHE (0.0ms)[0m   [0mSELECT * FROM "users" WHERE ("users"."id" = 1) [0m
***************************************
user.tutor_id = 
***************************************
***************************************
tutor_link = /tutors
***************************************
Completed in 26ms (View: 14, DB: 2) | 200 OK [http://localhost/pages/7]


Processing PagesController#edit (for 127.0.0.1 at 2009-11-17 18:57:55) [GET]
  Parameters: {"permalink"=>"clients"}
  [4;36;1mPage Load (0.3ms)[0m   [0;1mSELECT * FROM "pages" WHERE ("pages"."permalink" = 'clients') LIMIT 1[0m
Rendering template within layouts/application
Rendering pages/edit
Rendered pages/_page_form (10.1ms)
  [4;35;1mUser Load (0.4ms)[0m   [0mSELECT * FROM "users" WHERE ("users"."id" = 1) [0m
***************************************
user.tutor_id = 
***************************************
***************************************
tutor_link = /tutors
***************************************
Completed in 29ms (View: 22, DB: 1) | 200 OK [http://localhost/static/clients/edit]


Processing PagesController#show (for 127.0.0.1 at 2009-11-17 18:58:03) [GET]
  Parameters: {"permalink"=>"clients"}
  [4;36;1mPage Load (0.3ms)[0m   [0;1mSELECT * FROM "pages" WHERE ("pages"."permalink" = 'clients') LIMIT 1[0m
  [4;35;1mNewsitem Load (1.0ms)[0m   [0mSELECT * FROM "newsitems" ORDER BY created_at DESC LIMIT 3[0m
Rendering template within layouts/application
Rendering pages/show
  [4;36;1mUser Load (0.4ms)[0m   [0;1mSELECT * FROM "users" WHERE ("users"."id" = 1) [0m
  [4;35;1mCACHE (0.0ms)[0m   [0mSELECT * FROM "users" WHERE ("users"."id" = 1) [0m
***************************************
user.tutor_id = 
***************************************
***************************************
tutor_link = /tutors
***************************************
Completed in 26ms (View: 14, DB: 2) | 200 OK [http://localhost/static/clients/]


Processing PagesController#show (for 127.0.0.1 at 2009-11-17 19:03:10) [GET]
  Parameters: {"permalink"=>"home"}
  [4;36;1mPage Load (0.3ms)[0m   [0;1mSELECT * FROM "pages" WHERE ("pages"."permalink" = 'home') LIMIT 1[0m
  [4;35;1mNewsitem Load (1.0ms)[0m   [0mSELECT * FROM "newsitems" ORDER BY created_at DESC LIMIT 3[0m
Rendering template within layouts/application
Rendering pages/show
  [4;36;1mUser Load (0.4ms)[0m   [0;1mSELECT * FROM "users" WHERE ("users"."id" = 1) [0m
Rendered pages/_content_for_newsbar (17.2ms)
  [4;35;1mCACHE (0.0ms)[0m   [0mSELECT * FROM "users" WHERE ("users"."id" = 1) [0m
  [4;36;1mCACHE (0.0ms)[0m   [0;1mSELECT * FROM "users" WHERE ("users"."id" = 1) [0m
***************************************
user.tutor_id = 
***************************************
***************************************
tutor_link = /tutors
***************************************
Completed in 35ms (View: 23, DB: 2) | 200 OK [http://localhost/]


Processing ApplicationController#index (for 127.0.0.1 at 2009-11-17 19:03:10) [GET]

ActionController::RoutingError (No route matches "/photos/small/missing.png" with {:method=>:get}):
  

Rendering rescues/layout (not_found)


Processing PagesController#show (for 127.0.0.1 at 2009-11-17 19:17:44) [GET]
  Parameters: {"permalink"=>"clients"}
  [4;35;1mPage Load (0.3ms)[0m   [0mSELECT * FROM "pages" WHERE ("pages"."permalink" = 'clients') LIMIT 1[0m
  [4;36;1mNewsitem Load (1.0ms)[0m   [0;1mSELECT * FROM "newsitems" ORDER BY created_at DESC LIMIT 3[0m
Rendering template within layouts/application
Rendering pages/show
  [4;35;1mUser Load (0.4ms)[0m   [0mSELECT * FROM "users" WHERE ("users"."id" = 1) [0m
  [4;36;1mCACHE (0.0ms)[0m   [0;1mSELECT * FROM "users" WHERE ("users"."id" = 1) [0m
***************************************
user.tutor_id = 
***************************************
***************************************
tutor_link = /tutors
***************************************
Completed in 26ms (View: 15, DB: 2) | 200 OK [http://localhost/clients]


Processing PagesController#show (for 127.0.0.1 at 2009-11-17 19:18:45) [GET]
  Parameters: {"permalink"=>"clients"}
  [4;35;1mPage Load (0.3ms)[0m   [0mSELECT * FROM "pages" WHERE ("pages"."permalink" = 'clients') LIMIT 1[0m
  [4;36;1mNewsitem Load (1.0ms)[0m   [0;1mSELECT * FROM "newsitems" ORDER BY created_at DESC LIMIT 3[0m
Rendering template within layouts/application
Rendering pages/show
  [4;35;1mUser Load (0.4ms)[0m   [0mSELECT * FROM "users" WHERE ("users"."id" = 1) [0m
  [4;36;1mCACHE (0.0ms)[0m   [0;1mSELECT * FROM "users" WHERE ("users"."id" = 1) [0m
***************************************
user.tutor_id = 
***************************************
***************************************
tutor_link = /tutors
***************************************
Completed in 36ms (View: 24, DB: 2) | 200 OK [http://localhost/clients]


Processing PagesController#show (for 127.0.0.1 at 2009-11-17 19:18:48) [GET]
  Parameters: {"permalink"=>"clients"}
  [4;35;1mPage Load (0.3ms)[0m   [0mSELECT * FROM "pages" WHERE ("pages"."permalink" = 'clients') LIMIT 1[0m
  [4;36;1mNewsitem Load (1.0ms)[0m   [0;1mSELECT * FROM "newsitems" ORDER BY created_at DESC LIMIT 3[0m
Rendering template within layouts/application
Rendering pages/show
  [4;35;1mUser Load (0.4ms)[0m   [0mSELECT * FROM "users" WHERE ("users"."id" = 1) [0m
  [4;36;1mCACHE (0.0ms)[0m   [0;1mSELECT * FROM "users" WHERE ("users"."id" = 1) [0m
***************************************
user.tutor_id = 
***************************************
***************************************
tutor_link = /tutors
***************************************
Completed in 26ms (View: 14, DB: 2) | 200 OK [http://localhost/clients]


Processing PagesController#show (for 127.0.0.1 at 2009-11-17 19:18:51) [GET]
  Parameters: {"permalink"=>"home"}
  [4;35;1mPage Load (0.3ms)[0m   [0mSELECT * FROM "pages" WHERE ("pages"."permalink" = 'home') LIMIT 1[0m
  [4;36;1mNewsitem Load (1.1ms)[0m   [0;1mSELECT * FROM "newsitems" ORDER BY created_at DESC LIMIT 3[0m
Rendering template within layouts/application
Rendering pages/show
  [4;35;1mUser Load (0.4ms)[0m   [0mSELECT * FROM "users" WHERE ("users"."id" = 1) [0m
Rendered pages/_content_for_newsbar (18.0ms)
  [4;36;1mCACHE (0.0ms)[0m   [0;1mSELECT * FROM "users" WHERE ("users"."id" = 1) [0m
  [4;35;1mCACHE (0.0ms)[0m   [0mSELECT * FROM "users" WHERE ("users"."id" = 1) [0m
***************************************
user.tutor_id = 
***************************************
***************************************
tutor_link = /tutors
***************************************
Completed in 37ms (View: 24, DB: 2) | 200 OK [http://localhost/]


Processing ApplicationController#index (for 127.0.0.1 at 2009-11-17 19:18:51) [GET]

ActionController::RoutingError (No route matches "/photos/small/missing.png" with {:method=>:get}):
  

Rendering rescues/layout (not_found)


Processing PagesController#show (for 127.0.0.1 at 2009-11-17 19:18:52) [GET]
  Parameters: {"permalink"=>"clients"}
  [4;36;1mPage Load (0.3ms)[0m   [0;1mSELECT * FROM "pages" WHERE ("pages"."permalink" = 'clients') LIMIT 1[0m
  [4;35;1mNewsitem Load (1.0ms)[0m   [0mSELECT * FROM "newsitems" ORDER BY created_at DESC LIMIT 3[0m
Rendering template within layouts/application
Rendering pages/show
  [4;36;1mUser Load (0.4ms)[0m   [0;1mSELECT * FROM "users" WHERE ("users"."id" = 1) [0m
  [4;35;1mCACHE (0.0ms)[0m   [0mSELECT * FROM "users" WHERE ("users"."id" = 1) [0m
***************************************
user.tutor_id = 
***************************************
***************************************
tutor_link = /tutors
***************************************
Completed in 25ms (View: 14, DB: 2) | 200 OK [http://localhost/clients]


Processing TutorsController#index (for 127.0.0.1 at 2009-11-17 19:19:04) [GET]
  [4;36;1mUser Load (0.3ms)[0m   [0;1mSELECT * FROM "users" WHERE ("users"."id" = 1) [0m
  [4;35;1mTutor Load (0.7ms)[0m   [0mSELECT * FROM "tutors" ORDER BY family_name LIMIT 30 OFFSET 0[0m
Rendering template within layouts/application
Rendering tutors/index
  [4;36;1mCACHE (0.0ms)[0m   [0;1mSELECT * FROM "users" WHERE ("users"."id" = 1) [0m
***************************************
user.tutor_id = 
***************************************
***************************************
tutor_link = /tutors
***************************************
Completed in 30ms (View: 14, DB: 1) | 200 OK [http://localhost/tutors]


Processing TutorsController#index (for 127.0.0.1 at 2009-11-17 19:22:07) [GET]
  [4;35;1mUser Load (0.3ms)[0m   [0mSELECT * FROM "users" WHERE ("users"."id" = 1) [0m
  [4;36;1mTutor Load (0.8ms)[0m   [0;1mSELECT * FROM "tutors" ORDER BY family_name LIMIT 30 OFFSET 0[0m
Rendering template within layouts/application
Rendering tutors/index
  [4;35;1mCACHE (0.0ms)[0m   [0mSELECT * FROM "users" WHERE ("users"."id" = 1) [0m
***************************************
user.tutor_id = 
***************************************
***************************************
tutor_link = /tutors
***************************************

ActionView::TemplateError (undefined local variable or method `clientinfo_path' for #<ActionView::Base:0x2503870>) on line #111 of app/views/layouts/application.html.erb:
108: 				</div>
109: 		    <% end %>
110: 		
111: 				<% link_to(clientinfo_path) do %>
112: 				<div id="clientbutton" class="button">
113: 					<p>Clients</p>
114: 				</div>

    app/views/layouts/application.html.erb:111
    app/controllers/tutors_controller.rb:10:in `index'

Rendered rescues/_trace (48.1ms)
Rendered rescues/_request_and_response (0.3ms)
Rendering rescues/layout (internal_server_error)
  [4;36;1mSQL (0.9ms)[0m   [0;1m SELECT name
 FROM sqlite_master
 WHERE type = 'table' AND NOT name = 'sqlite_sequence'
[0m
  [4;35;1mSQL (1.2ms)[0m   [0mSELECT version FROM schema_migrations[0m
  [4;36;1mSQL (0.4ms)[0m   [0;1m SELECT name
 FROM sqlite_master
 WHERE type = 'table' AND NOT name = 'sqlite_sequence'
[0m
  [4;35;1mSQL (1.2ms)[0m   [0mSELECT version FROM schema_migrations[0m
Migrating to AddClientsAndTutorsPages (20091117114024)
  [4;36;1mSQL (0.1ms)[0m   [0;1mselect sqlite_version(*)[0m
  [4;35;1mSQL (0.5ms)[0m   [0mDELETE FROM schema_migrations WHERE version = '20091117114024'[0m
  [4;36;1mSQL (0.5ms)[0m   [0;1m SELECT name
 FROM sqlite_master
 WHERE type = 'table' AND NOT name = 'sqlite_sequence'
[0m
  [4;35;1mSQL (1.1ms)[0m   [0mSELECT version FROM schema_migrations[0m
  [4;36;1mSQL (0.4ms)[0m   [0;1m SELECT name
 FROM sqlite_master
 WHERE type = 'table' AND NOT name = 'sqlite_sequence'
[0m
  [4;35;1mSQL (0.1ms)[0m   [0mPRAGMA index_list("newsitems")[0m
  [4;36;1mSQL (0.1ms)[0m   [0;1mPRAGMA index_list("pages")[0m
  [4;35;1mSQL (0.1ms)[0m   [0mPRAGMA index_list("tutors")[0m
  [4;36;1mSQL (0.3ms)[0m   [0;1mPRAGMA index_list("users")[0m
  [4;35;1mSQL (0.1ms)[0m   [0mPRAGMA index_info('index_users_on_token')[0m
  [4;36;1mSQL (0.1ms)[0m   [0;1mPRAGMA index_info('index_users_on_email')[0m
  [4;35;1mSQL (0.2ms)[0m   [0mPRAGMA index_info('index_users_on_id_and_token')[0m
  [4;36;1mSQL (0.4ms)[0m   [0;1m SELECT name
 FROM sqlite_master
 WHERE type = 'table' AND NOT name = 'sqlite_sequence'
[0m
  [4;35;1mSQL (1.3ms)[0m   [0mSELECT version FROM schema_migrations[0m
Migrating to CreatePages (20090703013813)
Migrating to ClearanceCreateUsers (20090703013817)
Migrating to CreateTutors (20090703022556)
Migrating to AddAttachmentsPhotoToTutor (20090703113902)
Migrating to AddTutorToUser (20090704060809)
Migrating to AddRoleToUser (20090707122921)
Migrating to LoadPagesData (20090709035205)
Migrating to AddNewsColumnToPages (20091018012613)
Migrating to AddVntextColumnToPages (20091018053453)
Migrating to RenameVntextVncontent (20091018054118)
Migrating to RenameVncontentVietnameseContent (20091018055834)
Migrating to CreateNewsitems (20091018085601)
Migrating to AddAttachmentsPhotoToNewsitem (20091018091113)
Migrating to AddVietnameseContentToNewsitem (20091018102538)
Migrating to AddMoreStaticPages (20091019203201)
Migrating to AddExampleNewsitem (20091022064838)
Migrating to AddLanguageToUser (20091023105856)
Migrating to AddInitialAdminUser (20091104035939)
Migrating to AddPhoneAndAddressToTutor (20091114215759)
Migrating to AddTextileHelpPage (20091115115810)
Migrating to RemoveNameFromPages (20091115123342)
Migrating to AddClientsAndTutorsPages (20091117114024)
  [4;36;1mPage Create (0.5ms)[0m   [0;1mINSERT INTO "pages" ("permalink", "updated_at", "English_content", "Vietnamese_content", "news", "created_at") VALUES('clientinfo', '2009-11-17 12:22:41', 'Add some details here', NULL, NULL, '2009-11-17 12:22:41')[0m
  [4;35;1mPage Create (0.1ms)[0m   [0mINSERT INTO "pages" ("permalink", "updated_at", "English_content", "Vietnamese_content", "news", "created_at") VALUES('tutorinfo', '2009-11-17 12:22:41', 'Add some details here', NULL, NULL, '2009-11-17 12:22:41')[0m
  [4;36;1mSQL (0.2ms)[0m   [0;1mINSERT INTO schema_migrations (version) VALUES ('20091117114024')[0m
  [4;35;1mSQL (0.5ms)[0m   [0m SELECT name
 FROM sqlite_master
 WHERE type = 'table' AND NOT name = 'sqlite_sequence'
[0m
  [4;36;1mSQL (1.2ms)[0m   [0;1mSELECT version FROM schema_migrations[0m
  [4;35;1mSQL (0.4ms)[0m   [0m SELECT name
 FROM sqlite_master
 WHERE type = 'table' AND NOT name = 'sqlite_sequence'
[0m
  [4;36;1mSQL (0.1ms)[0m   [0;1mPRAGMA index_list("newsitems")[0m
  [4;35;1mSQL (0.1ms)[0m   [0mPRAGMA index_list("pages")[0m
  [4;36;1mSQL (0.1ms)[0m   [0;1mPRAGMA index_list("tutors")[0m
  [4;35;1mSQL (0.4ms)[0m   [0mPRAGMA index_list("users")[0m
  [4;36;1mSQL (0.2ms)[0m   [0;1mPRAGMA index_info('index_users_on_token')[0m
  [4;35;1mSQL (0.1ms)[0m   [0mPRAGMA index_info('index_users_on_email')[0m
  [4;36;1mSQL (0.2ms)[0m   [0;1mPRAGMA index_info('index_users_on_id_and_token')[0m


Processing PagesController#show (for 127.0.0.1 at 2009-11-17 19:22:50) [GET]
  Parameters: {"permalink"=>"home"}
  [4;36;1mPage Load (0.4ms)[0m   [0;1mSELECT * FROM "pages" WHERE ("pages"."permalink" = 'home') LIMIT 1[0m
  [4;35;1mNewsitem Load (1.2ms)[0m   [0mSELECT * FROM "newsitems" ORDER BY created_at DESC LIMIT 3[0m
Rendering template within layouts/application
Rendering pages/show
  [4;36;1mUser Load (0.4ms)[0m   [0;1mSELECT * FROM "users" WHERE ("users"."id" = 1) [0m
Rendered pages/_content_for_newsbar (18.5ms)
  [4;35;1mCACHE (0.0ms)[0m   [0mSELECT * FROM "users" WHERE ("users"."id" = 1) [0m
  [4;36;1mCACHE (0.0ms)[0m   [0;1mSELECT * FROM "users" WHERE ("users"."id" = 1) [0m
***************************************
user.tutor_id = 
***************************************
***************************************
tutor_link = /tutors
***************************************

ActionView::TemplateError (undefined local variable or method `clientinfo_path' for #<ActionView::Base:0x22eb718>) on line #111 of app/views/layouts/application.html.erb:
108: 				</div>
109: 		    <% end %>
110: 		
111: 				<% link_to(clientinfo_path) do %>
112: 				<div id="clientbutton" class="button">
113: 					<p>Clients</p>
114: 				</div>

    app/views/layouts/application.html.erb:111
    app/controllers/pages_controller.rb:27:in `show'

Rendered rescues/_trace (49.0ms)
Rendered rescues/_request_and_response (0.3ms)
Rendering rescues/layout (internal_server_error)


Processing PagesController#show (for 127.0.0.1 at 2009-11-17 19:24:39) [GET]
  Parameters: {"permalink"=>"home"}
  [4;36;1mPage Load (0.4ms)[0m   [0;1mSELECT * FROM "pages" WHERE ("pages"."permalink" = 'home') LIMIT 1[0m
  [4;35;1mNewsitem Load (1.1ms)[0m   [0mSELECT * FROM "newsitems" ORDER BY created_at DESC LIMIT 3[0m
Rendering template within layouts/application
Rendering pages/show
  [4;36;1mUser Load (0.4ms)[0m   [0;1mSELECT * FROM "users" WHERE ("users"."id" = 1) [0m
Rendered pages/_content_for_newsbar (31.8ms)
  [4;35;1mCACHE (0.0ms)[0m   [0mSELECT * FROM "users" WHERE ("users"."id" = 1) [0m
  [4;36;1mCACHE (0.0ms)[0m   [0;1mSELECT * FROM "users" WHERE ("users"."id" = 1) [0m
***************************************
user.tutor_id = 
***************************************
***************************************
tutor_link = /tutors
***************************************

ActionView::TemplateError (undefined local variable or method `clientinfo_path' for #<ActionView::Base:0x23e5f60>) on line #111 of app/views/layouts/application.html.erb:
108: 				</div>
109: 		    <% end %>
110: 		
111: 				<% link_to(clientinfo_path) do %>
112: 				<div id="clientbutton" class="button">
113: 					<p>Clients</p>
114: 				</div>

    app/views/layouts/application.html.erb:111
    app/controllers/pages_controller.rb:27:in `show'

Rendered rescues/_trace (49.5ms)
Rendered rescues/_request_and_response (1.6ms)
Rendering rescues/layout (internal_server_error)


Processing PagesController#show (for 127.0.0.1 at 2009-11-17 19:25:56) [GET]
  Parameters: {"permalink"=>"home"}
  [4;35;1mPage Load (0.3ms)[0m   [0mSELECT * FROM "pages" WHERE ("pages"."permalink" = 'home') LIMIT 1[0m
  [4;36;1mNewsitem Load (1.3ms)[0m   [0;1mSELECT * FROM "newsitems" ORDER BY created_at DESC LIMIT 3[0m
Rendering template within layouts/application
Rendering pages/show
  [4;35;1mUser Load (0.4ms)[0m   [0mSELECT * FROM "users" WHERE ("users"."id" = 1) [0m
Rendered pages/_content_for_newsbar (18.5ms)
  [4;36;1mCACHE (0.0ms)[0m   [0;1mSELECT * FROM "users" WHERE ("users"."id" = 1) [0m
  [4;35;1mCACHE (0.0ms)[0m   [0mSELECT * FROM "users" WHERE ("users"."id" = 1) [0m
***************************************
user.tutor_id = 
***************************************
***************************************
tutor_link = /tutors
***************************************
Completed in 38ms (View: 26, DB: 2) | 200 OK [http://localhost/]


Processing ApplicationController#index (for 127.0.0.1 at 2009-11-17 19:25:57) [GET]

ActionController::RoutingError (No route matches "/photos/small/missing.png" with {:method=>:get}):
  

Rendering rescues/layout (not_found)


Processing ApplicationController#index (for 127.0.0.1 at 2009-11-17 19:25:57) [GET]

ActionController::RoutingError (No route matches "/photos/small/missing.png" with {:method=>:get}):
  

Rendering rescues/layout (not_found)


Processing PagesController#show (for 127.0.0.1 at 2009-11-17 19:26:02) [GET]
  Parameters: {"permalink"=>"clientinfo"}
  [4;36;1mPage Load (0.3ms)[0m   [0;1mSELECT * FROM "pages" WHERE ("pages"."permalink" = 'clientinfo') LIMIT 1[0m
  [4;35;1mNewsitem Load (1.0ms)[0m   [0mSELECT * FROM "newsitems" ORDER BY created_at DESC LIMIT 3[0m
Rendering template within layouts/application
Rendering pages/show
  [4;36;1mUser Load (0.7ms)[0m   [0;1mSELECT * FROM "users" WHERE ("users"."id" = 1) [0m
  [4;35;1mCACHE (0.0ms)[0m   [0mSELECT * FROM "users" WHERE ("users"."id" = 1) [0m
***************************************
user.tutor_id = 
***************************************
***************************************
tutor_link = /tutors
***************************************
Completed in 27ms (View: 14, DB: 2) | 200 OK [http://localhost/clientinfo]


Processing TutorsController#index (for 127.0.0.1 at 2009-11-17 19:26:05) [GET]
  [4;36;1mUser Load (0.3ms)[0m   [0;1mSELECT * FROM "users" WHERE ("users"."id" = 1) [0m
  [4;35;1mTutor Load (0.6ms)[0m   [0mSELECT * FROM "tutors" ORDER BY family_name LIMIT 30 OFFSET 0[0m
Rendering template within layouts/application
Rendering tutors/index
  [4;36;1mCACHE (0.0ms)[0m   [0;1mSELECT * FROM "users" WHERE ("users"."id" = 1) [0m
***************************************
user.tutor_id = 
***************************************
***************************************
tutor_link = /tutors
***************************************
Completed in 30ms (View: 14, DB: 1) | 200 OK [http://localhost/tutors]
